<?xml version="1.0" encoding="UTF-8"?>
<!-- Generated by org.testng.reporters.JUnitReportReporter -->
<testsuite hostname="PrasadV" failures="0" tests="1" name="com.youtube.testcases.newTabs" time="4.365" errors="0" timestamp="2025-01-06T14:47:22 IST" skipped="0">
  <testcase classname="com.youtube.testcases.newTabs" name="Login" time="4.365"/>
</testsuite> <!-- com.youtube.testcases.newTabs -->
